converged SCF energy = -200.190232735358  <S^2> = -1.0658141e-14  2S+1 = 1
converged SCF energy = -200.190668705492  <S^2> = 0  2S+1 = 1
converged SCF energy = -200.183858485825  <S^2> = 0  2S+1 = 1
converged SCF energy = -200.190963754807  <S^2> = 0  2S+1 = 1
converged SCF energy = -200.177286918379  <S^2> = 1.7763568e-15  2S+1 = 1
converged SCF energy = -200.181976804714  <S^2> = 3.5527137e-15  2S+1 = 1
converged SCF energy = -200.179795883162  <S^2> = -1.4210855e-14  2S+1 = 1
converged SCF energy = -200.190736714898  <S^2> = 5.3290705e-15  2S+1 = 1
converged SCF energy = -200.191156825421  <S^2> = 3.5527137e-15  2S+1 = 1
converged SCF energy = -200.174418861643  <S^2> = 1.7763568e-15  2S+1 = 1
converged SCF energy = -200.191236659249  <S^2> = 3.5527137e-15  2S+1 = 1
converged SCF energy = -200.171158291565  <S^2> = -3.5527137e-15  2S+1 = 1
converged SCF energy = -200.186829007023  <S^2> = -3.5527137e-15  2S+1 = 1
converged SCF energy = -200.190971936375  <S^2> = -3.5527137e-15  2S+1 = 1
converged SCF energy = -200.19112926637  <S^2> = -7.1054274e-15  2S+1 = 1
converged SCF energy = -200.187965618864  <S^2> = 0  2S+1 = 1
converged SCF energy = -200.189648415484  <S^2> = 1.4210855e-14  2S+1 = 1
converged SCF energy = -200.191223702774  <S^2> = 5.3290705e-15  2S+1 = 1
converged SCF energy = -200.188898819898  <S^2> = -3.5527137e-15  2S+1 = 1
converged SCF energy = -200.185467629333  <S^2> = 3.5527137e-15  2S+1 = 1
converged SCF energy = -200.189377529075  <S^2> = -3.5527137e-15  2S+1 = 1
converged SCF energy = -200.190456892568  <S^2> = 3.5527137e-15  2S+1 = 1
converged SCF energy = -200.188960258677  <S^2> = -7.1054274e-15  2S+1 = 1
converged SCF energy = -200.190132297331  <S^2> = 3.5527137e-15  2S+1 = 1
converged SCF energy = -200.189770266981  <S^2> = 0  2S+1 = 1
converged SCF energy = -200.181136768013  <S^2> = 3.5527137e-15  2S+1 = 1
converged SCF energy = -200.181534106603  <S^2> = 7.1054274e-15  2S+1 = 1
converged SCF energy = -200.181391810877  <S^2> = 7.1054274e-15  2S+1 = 1
converged SCF energy = -200.181280559275  <S^2> = 0  2S+1 = 1
converged SCF energy = -200.1812007811  <S^2> = 7.1054274e-15  2S+1 = 1
converged SCF energy = -200.182141169902  <S^2> = -3.5527137e-15  2S+1 = 1
converged SCF energy = -200.181152787336  <S^2> = 0  2S+1 = 1
converged SCF energy = -200.183337495157  <S^2> = -1.0658141e-14  2S+1 = 1
converged SCF energy = -200.182687743525  <S^2> = 0  2S+1 = 1
converged SCF energy = -200.183697508766  <S^2> = 1.7763568e-15  2S+1 = 1
converged SCF energy = -200.181909517375  <S^2> = 0  2S+1 = 1
converged SCF energy = -200.181706898431  <S^2> = 0  2S+1 = 1
converged SCF energy = -200.183000389983  <S^2> = -3.5527137e-15  2S+1 = 1
converged SCF energy = -200.182400932584  <S^2> = 3.5527137e-15  2S+1 = 1
converged SCF energy = -200.188524127267  <S^2> = 1.7763568e-15  2S+1 = 1
converged SCF energy = -200.187615661335  <S^2> = 3.5527137e-15  2S+1 = 1
converged SCF energy = -200.186228075845  <S^2> = -3.5527137e-15  2S+1 = 1
converged SCF energy = -200.188074339165  <S^2> = 7.1054274e-15  2S+1 = 1
converged SCF energy = -200.184479155454  <S^2> = 0  2S+1 = 1
converged SCF energy = -200.187152455358  <S^2> = -1.7763568e-15  2S+1 = 1
converged SCF energy = -200.184896757385  <S^2> = -8.8817842e-15  2S+1 = 1
converged SCF energy = -200.186688710861  <S^2> = -3.5527137e-15  2S+1 = 1
converged SCF energy = -200.185329182611  <S^2> = -8.8817842e-15  2S+1 = 1
converged SCF energy = -200.185773884127  <S^2> = -3.5527137e-15  2S+1 = 1
converged SCF energy = -200.184078701084  <S^2> = -1.7763568e-15  2S+1 = 1
converged SCF energy = -200.181391810877  <S^2> = 0  2S+1 = 1
converged SCF energy = -200.1812007811  <S^2> = 3.5527137e-15  2S+1 = 1
converged SCF energy = -200.181534106603  <S^2> = 0  2S+1 = 1
converged SCF energy = -200.181280559275  <S^2> = 0  2S+1 = 1
converged SCF energy = -200.182141169901  <S^2> = 0  2S+1 = 1
converged SCF energy = -200.183000389982  <S^2> = 0  2S+1 = 1
converged SCF energy = -200.181152787336  <S^2> = 0  2S+1 = 1
converged SCF energy = -200.183697508766  <S^2> = 3.5527137e-15  2S+1 = 1
converged SCF energy = -200.181909517375  <S^2> = -3.5527137e-15  2S+1 = 1
converged SCF energy = -200.183337495157  <S^2> = 7.1054274e-15  2S+1 = 1
converged SCF energy = -200.182400932583  <S^2> = 0  2S+1 = 1
converged SCF energy = -200.182687743525  <S^2> = 1.0658141e-14  2S+1 = 1
converged SCF energy = -200.181706898431  <S^2> = 0  2S+1 = 1
converged SCF energy = -200.185773884127  <S^2> = -3.5527137e-15  2S+1 = 1
converged SCF energy = -200.184896757385  <S^2> = 5.3290705e-15  2S+1 = 1
converged SCF energy = -200.184078701085  <S^2> = -7.1054274e-15  2S+1 = 1
converged SCF energy = -200.186688710862  <S^2> = 0  2S+1 = 1
converged SCF energy = -200.188524127267  <S^2> = 7.1054274e-15  2S+1 = 1
converged SCF energy = -200.187615661335  <S^2> = 0  2S+1 = 1
converged SCF energy = -200.188074339165  <S^2> = -3.5527137e-15  2S+1 = 1
converged SCF energy = -200.185329182611  <S^2> = -1.7763568e-15  2S+1 = 1
converged SCF energy = -200.184479155454  <S^2> = -7.1054274e-15  2S+1 = 1
converged SCF energy = -200.187152455357  <S^2> = 7.1054274e-15  2S+1 = 1
converged SCF energy = -200.186228075845  <S^2> = -1.0658141e-14  2S+1 = 1
converged SCF energy = -200.188960258676  <S^2> = -3.5527137e-15  2S+1 = 1
converged SCF energy = -200.183858485825  <S^2> = -1.0658141e-14  2S+1 = 1
converged SCF energy = -200.185467629333  <S^2> = -3.5527137e-15  2S+1 = 1
converged SCF energy = -200.191236659249  <S^2> = 7.1054274e-15  2S+1 = 1
converged SCF energy = -200.187965618864  <S^2> = -1.0658141e-14  2S+1 = 1
converged SCF energy = -200.181976804714  <S^2> = -1.7763568e-15  2S+1 = 1
converged SCF energy = -200.19112926637  <S^2> = 0  2S+1 = 1
converged SCF energy = -200.190456892568  <S^2> = -1.0658141e-14  2S+1 = 1
converged SCF energy = -200.190232735358  <S^2> = 3.5527137e-15  2S+1 = 1
converged SCF energy = -200.191156825422  <S^2> = 0  2S+1 = 1
converged SCF energy = -200.190736714898  <S^2> = 7.1054274e-15  2S+1 = 1
converged SCF energy = -200.179795883162  <S^2> = 0  2S+1 = 1
converged SCF energy = -200.191223702773  <S^2> = 0  2S+1 = 1
converged SCF energy = -200.177286918379  <S^2> = 5.3290705e-15  2S+1 = 1
converged SCF energy = -200.190971936375  <S^2> = -1.0658141e-14  2S+1 = 1
converged SCF energy = -200.167469259938  <S^2> = 3.5527137e-15  2S+1 = 1
converged SCF energy = -200.186829007022  <S^2> = 3.5527137e-15  2S+1 = 1
converged SCF energy = -200.171158291565  <S^2> = 7.1054274e-15  2S+1 = 1
converged SCF energy = -200.174418861643  <S^2> = 3.5527137e-15  2S+1 = 1
converged SCF energy = -200.190668705493  <S^2> = 0  2S+1 = 1
converged SCF energy = -200.190132297331  <S^2> = -1.4210855e-14  2S+1 = 1
converged SCF energy = -200.189648415483  <S^2> = 0  2S+1 = 1
converged SCF energy = -200.190963754807  <S^2> = 8.8817842e-15  2S+1 = 1
converged SCF energy = -200.188898819898  <S^2> = -3.5527137e-15  2S+1 = 1
converged SCF energy = -200.189377529075  <S^2> = -1.7763568e-15  2S+1 = 1
converged SCF energy = -200.189770266981  <S^2> = -3.5527137e-15  2S+1 = 1

UKS PES for FHF anion:
 [-200.17115829 -200.17441886 -200.17728692 -200.17979588 -200.1819768
 -200.18385849 -200.18546763 -200.18682901 -200.18796562 -200.18889882
 -200.18964842 -200.19023274 -200.19066871 -200.19097194 -200.19115683
 -200.19123666 -200.1912237  -200.19112927 -200.19096375 -200.19073671
 -200.19045689 -200.1901323  -200.18977027 -200.18937753 -200.18896026
 -200.18852413 -200.18807434 -200.18761566 -200.18715246 -200.18668871
 -200.18622808 -200.18577388 -200.18532918 -200.18489676 -200.18447916
 -200.1840787  -200.18369751 -200.1833375  -200.18300039 -200.18268774
 -200.18240093 -200.18214117 -200.18190952 -200.1817069  -200.18153411
 -200.18139181 -200.18128056 -200.18120078 -200.18115279 -200.18113677
 -200.18115279 -200.18120078 -200.18128056 -200.18139181 -200.18153411
 -200.1817069  -200.18190952 -200.18214117 -200.18240093 -200.18268774
 -200.18300039 -200.1833375  -200.18369751 -200.1840787  -200.18447916
 -200.18489676 -200.18532918 -200.18577388 -200.18622808 -200.18668871
 -200.18715246 -200.18761566 -200.18807434 -200.18852413 -200.18896026
 -200.18937753 -200.18977027 -200.1901323  -200.19045689 -200.19073671
 -200.19096375 -200.19112927 -200.1912237  -200.19123666 -200.19115683
 -200.19097194 -200.19066871 -200.19023274 -200.18964842 -200.18889882
 -200.18796562 -200.18682901 -200.18546763 -200.18385849 -200.1819768
 -200.17979588 -200.17728692 -200.17441886 -200.17115829 -200.16746926]

Parsed PES:
 [-200.17115829, -200.17441886, -200.17728692, -200.17979588, -200.1819768, -200.18385849, -200.18546763, -200.18682901, -200.18796562, -200.18889882, -200.18964842, -200.19023274, -200.19066871, -200.19097194, -200.19115683, -200.19123666, -200.1912237, -200.19112927, -200.19096375, -200.19073671, -200.19045689, -200.1901323, -200.18977027, -200.18937753, -200.18896026, -200.18852413, -200.18807434, -200.18761566, -200.18715246, -200.18668871, -200.18622808, -200.18577388, -200.18532918, -200.18489676, -200.18447916, -200.1840787, -200.18369751, -200.1833375, -200.18300039, -200.18268774, -200.18240093, -200.18214117, -200.18190952, -200.1817069, -200.18153411, -200.18139181, -200.18128056, -200.18120078, -200.18115279, -200.18113677, -200.18115279, -200.18120078, -200.18128056, -200.18139181, -200.18153411, -200.1817069, -200.18190952, -200.18214117, -200.18240093, -200.18268774, -200.18300039, -200.1833375, -200.18369751, -200.1840787, -200.18447916, -200.18489676, -200.18532918, -200.18577388, -200.18622808, -200.18668871, -200.18715246, -200.18761566, -200.18807434, -200.18852413, -200.18896026, -200.18937753, -200.18977027, -200.1901323, -200.19045689, -200.19073671, -200.19096375, -200.19112927, -200.1912237, -200.19123666, -200.19115683, -200.19097194, -200.19066871, -200.19023274, -200.18964842, -200.18889882, -200.18796562, -200.18682901, -200.18546763, -200.18385849, -200.1819768, -200.17979588, -200.17728692, -200.17441886, -200.17115829, -200.16746926]
