converged SCF energy = -200.181844321768  <S^2> = 0  2S+1 = 1
converged SCF energy = -200.182729578337  <S^2> = 7.1054274e-15  2S+1 = 1
converged SCF energy = -200.182928982557  <S^2> = 0  2S+1 = 1
converged SCF energy = -200.182373733401  <S^2> = -1.7763568e-14  2S+1 = 1
converged SCF energy = -200.182461468822  <S^2> = -1.7763568e-15  2S+1 = 1
converged SCF energy = -200.182920596665  <S^2> = 0  2S+1 = 1
converged SCF energy = -200.171580372612  <S^2> = 3.5527137e-15  2S+1 = 1
converged SCF energy = -200.173156143227  <S^2> = 0  2S+1 = 1
converged SCF energy = -200.181135051371  <S^2> = 0  2S+1 = 1
converged SCF energy = -200.177092465312  <S^2> = -5.3290705e-15  2S+1 = 1
converged SCF energy = -200.177845538072  <S^2> = 3.5527137e-15  2S+1 = 1
converged SCF energy = -200.178575374734  <S^2> = 3.5527137e-15  2S+1 = 1
converged SCF energy = -200.179940955403  <S^2> = 1.7763568e-15  2S+1 = 1
converged SCF energy = -200.176321653499  <S^2> = -7.1054274e-15  2S+1 = 1
converged SCF energy = -200.181648225063  <S^2> = -7.1054274e-15  2S+1 = 1
converged SCF energy = -200.175538157066  <S^2> = -1.7763568e-15  2S+1 = 1
converged SCF energy = -200.170806125339  <S^2> = 0  2S+1 = 1
converged SCF energy = -200.182093648993  <S^2> = 3.5527137e-15  2S+1 = 1
converged SCF energy = -200.173951308072  <S^2> = 7.1054274e-15  2S+1 = 1
converged SCF energy = -200.182987776856  <S^2> = 1.7763568e-15  2S+1 = 1
converged SCF energy = -200.179276006321  <S^2> = 3.5527137e-15  2S+1 = 1
converged SCF energy = -200.172364727602  <S^2> = 3.5527137e-15  2S+1 = 1
converged SCF energy = -200.182740982681  <S^2> = 0  2S+1 = 1
converged SCF energy = -200.180563186949  <S^2> = 3.5527137e-15  2S+1 = 1
converged SCF energy = -200.174746619645  <S^2> = 0  2S+1 = 1
converged SCF energy = -200.159980053549  <S^2> = 1.7763568e-15  2S+1 = 1
converged SCF energy = -200.160056155148  <S^2> = -3.5527137e-15  2S+1 = 1
converged SCF energy = -200.160151175364  <S^2> = -1.7763568e-15  2S+1 = 1
converged SCF energy = -200.160454437309  <S^2> = 0  2S+1 = 1
converged SCF energy = -200.161506042934  <S^2> = 1.7763568e-15  2S+1 = 1
converged SCF energy = -200.160907011242  <S^2> = -7.1054274e-15  2S+1 = 1
converged SCF energy = -200.160284003457  <S^2> = -3.5527137e-15  2S+1 = 1
converged SCF energy = -200.160662214588  <S^2> = 3.5527137e-15  2S+1 = 1
converged SCF energy = -200.159999086051  <S^2> = -1.0658141e-14  2S+1 = 1
converged SCF energy = -200.161188439276  <S^2> = 0  2S+1 = 1
converged SCF energy = -200.167863036949  <S^2> = 0  2S+1 = 1
converged SCF energy = -200.162247585003  <S^2> = 7.1054274e-15  2S+1 = 1
converged SCF energy = -200.170044791388  <S^2> = 1.7763568e-15  2S+1 = 1
converged SCF energy = -200.168570976332  <S^2> = 0  2S+1 = 1
converged SCF energy = -200.165878486256  <S^2> = 5.3290705e-15  2S+1 = 1
converged SCF energy = -200.163615440694  <S^2> = 0  2S+1 = 1
converged SCF energy = -200.169298951815  <S^2> = 0  2S+1 = 1
converged SCF energy = -200.161859293561  <S^2> = 0  2S+1 = 1
converged SCF energy = -200.164136215334  <S^2> = 3.5527137e-15  2S+1 = 1
converged SCF energy = -200.16651505324  <S^2> = 0  2S+1 = 1
converged SCF energy = -200.165268930352  <S^2> = 0  2S+1 = 1
converged SCF energy = -200.164687757263  <S^2> = 1.7763568e-15  2S+1 = 1
converged SCF energy = -200.167177122918  <S^2> = -1.7763568e-15  2S+1 = 1
converged SCF energy = -200.162670231483  <S^2> = -8.8817842e-15  2S+1 = 1
converged SCF energy = -200.16312646664  <S^2> = 7.1054274e-15  2S+1 = 1
converged SCF energy = -200.160907011242  <S^2> = -1.0658141e-14  2S+1 = 1
converged SCF energy = -200.159999086051  <S^2> = 0  2S+1 = 1
converged SCF energy = -200.160454437309  <S^2> = 0  2S+1 = 1
converged SCF energy = -200.160284003457  <S^2> = -1.7763568e-15  2S+1 = 1
converged SCF energy = -200.160151175364  <S^2> = 0  2S+1 = 1
converged SCF energy = -200.161188439276  <S^2> = 1.7763568e-15  2S+1 = 1
converged SCF energy = -200.160662214587  <S^2> = 0  2S+1 = 1
converged SCF energy = -200.160056155148  <S^2> = 1.0658141e-14  2S+1 = 1
converged SCF energy = -200.161506042934  <S^2> = 1.7763568e-15  2S+1 = 1
converged SCF energy = -200.170044791388  <S^2> = -1.7763568e-15  2S+1 = 1
converged SCF energy = -200.168570976333  <S^2> = -3.5527137e-15  2S+1 = 1
converged SCF energy = -200.164687757262  <S^2> = 7.1054274e-15  2S+1 = 1
converged SCF energy = -200.16651505324  <S^2> = 3.5527137e-15  2S+1 = 1
converged SCF energy = -200.169298951815  <S^2> = 5.3290705e-15  2S+1 = 1
converged SCF energy = -200.163615440694  <S^2> = 1.7763568e-15  2S+1 = 1
converged SCF energy = -200.165268930352  <S^2> = -3.5527137e-15  2S+1 = 1
converged SCF energy = -200.167863036948  <S^2> = -3.5527137e-15  2S+1 = 1
converged SCF energy = -200.162670231483  <S^2> = 7.1054274e-15  2S+1 = 1
converged SCF energy = -200.170806125338  <S^2> = 0  2S+1 = 1
converged SCF energy = -200.165878486256  <S^2> = 0  2S+1 = 1
converged SCF energy = -200.164136215334  <S^2> = -3.5527137e-15  2S+1 = 1
converged SCF energy = -200.163126466639  <S^2> = 0  2S+1 = 1
converged SCF energy = -200.167177122917  <S^2> = 3.5527137e-15  2S+1 = 1
converged SCF energy = -200.161859293562  <S^2> = 8.8817842e-15  2S+1 = 1
converged SCF energy = -200.162247585003  <S^2> = -1.0658141e-14  2S+1 = 1
converged SCF energy = -200.182373733401  <S^2> = 1.7763568e-15  2S+1 = 1
converged SCF energy = -200.182729578338  <S^2> = -1.7763568e-15  2S+1 = 1
converged SCF energy = -200.182928982557  <S^2> = -1.7763568e-15  2S+1 = 1
converged SCF energy = -200.182920596665  <S^2> = 1.7763568e-15  2S+1 = 1
converged SCF energy = -200.181844321768  <S^2> = 1.0658141e-14  2S+1 = 1
converged SCF energy = -200.181122837539  <S^2> = -5.3290705e-15  2S+1 = 1
converged SCF energy = -200.177092465312  <S^2> = -5.3290705e-15  2S+1 = 1
converged SCF energy = -200.182987776856  <S^2> = 0  2S+1 = 1
converged SCF energy = -200.180563186949  <S^2> = -7.1054274e-15  2S+1 = 1
converged SCF energy = -200.176321653498  <S^2> = 7.1054274e-15  2S+1 = 1
converged SCF energy = -200.182093648993  <S^2> = 0  2S+1 = 1
converged SCF energy = -200.173156143227  <S^2> = 3.5527137e-15  2S+1 = 1
converged SCF energy = -200.173951308071  <S^2> = 7.1054274e-15  2S+1 = 1
converged SCF energy = -200.179940955403  <S^2> = -3.5527137e-15  2S+1 = 1
converged SCF energy = -200.182740982682  <S^2> = -1.7763568e-15  2S+1 = 1
converged SCF energy = -200.179276006321  <S^2> = 3.5527137e-15  2S+1 = 1
converged SCF energy = -200.178575374734  <S^2> = 3.5527137e-15  2S+1 = 1
converged SCF energy = -200.175538157066  <S^2> = -7.1054274e-15  2S+1 = 1
converged SCF energy = -200.181135051371  <S^2> = -3.5527137e-15  2S+1 = 1
converged SCF energy = -200.172364727601  <S^2> = -3.5527137e-15  2S+1 = 1
converged SCF energy = -200.174746619644  <S^2> = -1.7763568e-15  2S+1 = 1
converged SCF energy = -200.177845538072  <S^2> = -3.5527137e-15  2S+1 = 1
converged SCF energy = -200.171580372612  <S^2> = -3.5527137e-15  2S+1 = 1
converged SCF energy = -200.182461468822  <S^2> = -3.5527137e-15  2S+1 = 1
converged SCF energy = -200.181648225064  <S^2> = -5.3290705e-15  2S+1 = 1

UKS PES for FHF anion:
 [-200.18184432 -200.18237373 -200.18272958 -200.18292898 -200.18298778
 -200.1829206  -200.18274098 -200.18246147 -200.18209365 -200.18164823
 -200.18113505 -200.18056319 -200.17994096 -200.17927601 -200.17857537
 -200.17784554 -200.17709247 -200.17632165 -200.17553816 -200.17474662
 -200.17395131 -200.17315614 -200.17236473 -200.17158037 -200.17080613
 -200.17004479 -200.16929895 -200.16857098 -200.16786304 -200.16717712
 -200.16651505 -200.16587849 -200.16526893 -200.16468776 -200.16413622
 -200.16361544 -200.16312647 -200.16267023 -200.16224759 -200.16185929
 -200.16150604 -200.16118844 -200.16090701 -200.16066221 -200.16045444
 -200.160284   -200.16015118 -200.16005616 -200.15999909 -200.15998005
 -200.15999909 -200.16005616 -200.16015118 -200.160284   -200.16045444
 -200.16066221 -200.16090701 -200.16118844 -200.16150604 -200.16185929
 -200.16224759 -200.16267023 -200.16312647 -200.16361544 -200.16413622
 -200.16468776 -200.16526893 -200.16587849 -200.16651505 -200.16717712
 -200.16786304 -200.16857098 -200.16929895 -200.17004479 -200.17080613
 -200.17158037 -200.17236473 -200.17315614 -200.17395131 -200.17474662
 -200.17553816 -200.17632165 -200.17709247 -200.17784554 -200.17857537
 -200.17927601 -200.17994096 -200.18056319 -200.18113505 -200.18164823
 -200.18209365 -200.18246147 -200.18274098 -200.1829206  -200.18298778
 -200.18292898 -200.18272958 -200.18237373 -200.18184432 -200.18112284]

Parsed PES:
 [-200.18184432, -200.18237373, -200.18272958, -200.18292898, -200.18298778, -200.1829206, -200.18274098, -200.18246147, -200.18209365, -200.18164823, -200.18113505, -200.18056319, -200.17994096, -200.17927601, -200.17857537, -200.17784554, -200.17709247, -200.17632165, -200.17553816, -200.17474662, -200.17395131, -200.17315614, -200.17236473, -200.17158037, -200.17080613, -200.17004479, -200.16929895, -200.16857098, -200.16786304, -200.16717712, -200.16651505, -200.16587849, -200.16526893, -200.16468776, -200.16413622, -200.16361544, -200.16312647, -200.16267023, -200.16224759, -200.16185929, -200.16150604, -200.16118844, -200.16090701, -200.16066221, -200.16045444, -200.160284, -200.16015118, -200.16005616, -200.15999909, -200.15998005, -200.15999909, -200.16005616, -200.16015118, -200.160284, -200.16045444, -200.16066221, -200.16090701, -200.16118844, -200.16150604, -200.16185929, -200.16224759, -200.16267023, -200.16312647, -200.16361544, -200.16413622, -200.16468776, -200.16526893, -200.16587849, -200.16651505, -200.16717712, -200.16786304, -200.16857098, -200.16929895, -200.17004479, -200.17080613, -200.17158037, -200.17236473, -200.17315614, -200.17395131, -200.17474662, -200.17553816, -200.17632165, -200.17709247, -200.17784554, -200.17857537, -200.17927601, -200.17994096, -200.18056319, -200.18113505, -200.18164823, -200.18209365, -200.18246147, -200.18274098, -200.1829206, -200.18298778, -200.18292898, -200.18272958, -200.18237373, -200.18184432, -200.18112284]
